The target system is: Arduino -  - 
The host system is: Linux - 5.14.2-arch1-2 - x86_64
Compiling the CXX compiler identification source file "CMakeCXXCompilerId.cpp" succeeded.
Compiler: /home/lor_louis/.arduino15/packages/arduino/tools/avr-gcc/7.3.0-atmel3.6.1-arduino7/bin/avr-g++ 
Build flags: 
Id flags:  

The output was:
0


Compilation of the CXX compiler identification source "CMakeCXXCompilerId.cpp" produced "a.out"

The CXX compiler identification is GNU, found in "/home/lor_louis/Documents/Projects/C++/toaster/CMakeFiles/3.21.3/CompilerIdCXX/a.out"

Detecting CXX compiler ABI info compiled with the following output:
Change Dir: /home/lor_louis/Documents/Projects/C++/toaster/CMakeFiles/CMakeTmp

Run Build Command(s):/usr/bin/make -f Makefile cmTC_f27ae/fast && /usr/bin/make  -f CMakeFiles/cmTC_f27ae.dir/build.make CMakeFiles/cmTC_f27ae.dir/build
make[1]: Entering directory '/home/lor_louis/Documents/Projects/C++/toaster/CMakeFiles/CMakeTmp'
Building CXX object CMakeFiles/cmTC_f27ae.dir/CMakeCXXCompilerABI.cpp.o
/home/lor_louis/.arduino15/packages/arduino/tools/avr-gcc/7.3.0-atmel3.6.1-arduino7/bin/avr-g++  -c -g -Os -w -std=gnu++11 -fpermissive -fno-exceptions -ffunction-sections -fdata-sections -fno-threadsafe-statics -Wno-error=narrowing -MMD -flto -mmcu=atmega32u4 -DF_CPU=16000000L -DARDUINO=108013 -DARDUINO_AVR_LEONARDO -DARDUINO_ARCH_AVR  -DUSB_VID=0x2341 -DUSB_PID=0x8036 "-DUSB_MANUFACTURER=\"Unknown\"" "-DUSB_PRODUCT=\"Arduino Leonardo\""   -v /usr/share/cmake-3.21/Modules/CMakeCXXCompilerABI.cpp -o CMakeFiles/cmTC_f27ae.dir/CMakeCXXCompilerABI.cpp.o
Using built-in specs.
Reading specs from /home/lor_louis/.arduino15/packages/arduino/tools/avr-gcc/7.3.0-atmel3.6.1-arduino7/bin/../lib/gcc/avr/7.3.0/device-specs/specs-atmega32u4
COLLECT_GCC=/home/lor_louis/.arduino15/packages/arduino/tools/avr-gcc/7.3.0-atmel3.6.1-arduino7/bin/avr-g++
Target: avr
Configured with: ../gcc/configure --enable-fixed-point --enable-languages=c,c++ --prefix=/home/jenkins/workspace/avr-gcc-staging/label/debian7-x86_64/objdir --disable-nls --disable-libssp --disable-libada --disable-shared --with-avrlibc=yes --with-dwarf2 --disable-doc --target=avr
Thread model: single
gcc version 7.3.0 (GCC) 
COLLECT_GCC_OPTIONS='-c' '-g' '-Os' '-w' '-std=gnu++11' '-fpermissive' '-fno-exceptions' '-ffunction-sections' '-fdata-sections' '-fno-threadsafe-statics' '-Wno-error=narrowing' '-MMD' '-flto'  '-D' 'F_CPU=16000000L' '-D' 'ARDUINO=108013' '-D' 'ARDUINO_AVR_LEONARDO' '-D' 'ARDUINO_ARCH_AVR' '-D' 'USB_VID=0x2341' '-D' 'USB_PID=0x8036' '-D' 'USB_MANUFACTURER="Unknown"' '-D' 'USB_PRODUCT="Arduino Leonardo"' '-v' '-o' 'CMakeFiles/cmTC_f27ae.dir/CMakeCXXCompilerABI.cpp.o' '-specs=device-specs/specs-atmega32u4' '-mmcu=avr5'
 /home/lor_louis/.arduino15/packages/arduino/tools/avr-gcc/7.3.0-atmel3.6.1-arduino7/bin/../libexec/gcc/avr/7.3.0/cc1plus -quiet -v -imultilib avr5 -iprefix /home/lor_louis/.arduino15/packages/arduino/tools/avr-gcc/7.3.0-atmel3.6.1-arduino7/bin/../lib/gcc/avr/7.3.0/ -MMD CMakeFiles/cmTC_f27ae.dir/CMakeCXXCompilerABI.cpp.d -MQ CMakeFiles/cmTC_f27ae.dir/CMakeCXXCompilerABI.cpp.o -D__AVR_ATmega32U4__ -D__AVR_DEVICE_NAME__=atmega32u4 -D F_CPU=16000000L -D ARDUINO=108013 -D ARDUINO_AVR_LEONARDO -D ARDUINO_ARCH_AVR -D USB_VID=0x2341 -D USB_PID=0x8036 -D USB_MANUFACTURER="Unknown" -D USB_PRODUCT="Arduino Leonardo" /usr/share/cmake-3.21/Modules/CMakeCXXCompilerABI.cpp -mn-flash=1 -mno-skip-bug -quiet -dumpbase CMakeCXXCompilerABI.cpp -mmcu=avr5 -auxbase-strip CMakeFiles/cmTC_f27ae.dir/CMakeCXXCompilerABI.cpp.o -g -Os -Wno-error=narrowing -w -std=gnu++11 -version -fpermissive -fno-exceptions -ffunction-sections -fdata-sections -fno-threadsafe-statics -flto -mn-flash=1 -mno-skip-bug -fno-rtti -fno-enforce-eh-specs -fno-exceptions -o /tmp/ccUBbJHl.s
GNU C++11 (GCC) version 7.3.0 (avr)
	compiled by GNU C version 4.7.2, GMP version 5.0.2, MPFR version 3.1.0, MPC version 0.9, isl version none
GGC heuristics: --param ggc-min-expand=100 --param ggc-min-heapsize=131072
ignoring nonexistent directory "/home/lor_louis/.arduino15/packages/arduino/tools/avr-gcc/7.3.0-atmel3.6.1-arduino7/bin/../lib/gcc/avr/7.3.0/../../../../avr/include/c++/7.3.0"
ignoring nonexistent directory "/home/lor_louis/.arduino15/packages/arduino/tools/avr-gcc/7.3.0-atmel3.6.1-arduino7/bin/../lib/gcc/avr/7.3.0/../../../../avr/include/c++/7.3.0/avr/avr5"
ignoring nonexistent directory "/home/lor_louis/.arduino15/packages/arduino/tools/avr-gcc/7.3.0-atmel3.6.1-arduino7/bin/../lib/gcc/avr/7.3.0/../../../../avr/include/c++/7.3.0/backward"
ignoring nonexistent directory "/home/lor_louis/.arduino15/packages/arduino/tools/avr-gcc/7.3.0-atmel3.6.1-arduino7/bin/../lib/gcc/avr/7.3.0/../../../../avr/sys-include"
ignoring nonexistent directory "/home/lor_louis/.arduino15/packages/arduino/tools/avr-gcc/7.3.0-atmel3.6.1-arduino7/bin/../lib/gcc/../../lib/gcc/avr/7.3.0/../../../../avr/include/c++/7.3.0"
ignoring nonexistent directory "/home/lor_louis/.arduino15/packages/arduino/tools/avr-gcc/7.3.0-atmel3.6.1-arduino7/bin/../lib/gcc/../../lib/gcc/avr/7.3.0/../../../../avr/include/c++/7.3.0/avr/avr5"
ignoring nonexistent directory "/home/lor_louis/.arduino15/packages/arduino/tools/avr-gcc/7.3.0-atmel3.6.1-arduino7/bin/../lib/gcc/../../lib/gcc/avr/7.3.0/../../../../avr/include/c++/7.3.0/backward"
ignoring duplicate directory "/home/lor_louis/.arduino15/packages/arduino/tools/avr-gcc/7.3.0-atmel3.6.1-arduino7/bin/../lib/gcc/../../lib/gcc/avr/7.3.0/include"
ignoring duplicate directory "/home/lor_louis/.arduino15/packages/arduino/tools/avr-gcc/7.3.0-atmel3.6.1-arduino7/bin/../lib/gcc/../../lib/gcc/avr/7.3.0/include-fixed"
ignoring nonexistent directory "/home/lor_louis/.arduino15/packages/arduino/tools/avr-gcc/7.3.0-atmel3.6.1-arduino7/bin/../lib/gcc/../../lib/gcc/avr/7.3.0/../../../../avr/sys-include"
ignoring duplicate directory "/home/lor_louis/.arduino15/packages/arduino/tools/avr-gcc/7.3.0-atmel3.6.1-arduino7/bin/../lib/gcc/../../lib/gcc/avr/7.3.0/../../../../avr/include"
#include "..." search starts here:
#include <...> search starts here:
 /home/lor_louis/.arduino15/packages/arduino/tools/avr-gcc/7.3.0-atmel3.6.1-arduino7/bin/../lib/gcc/avr/7.3.0/include
 /home/lor_louis/.arduino15/packages/arduino/tools/avr-gcc/7.3.0-atmel3.6.1-arduino7/bin/../lib/gcc/avr/7.3.0/include-fixed
 /home/lor_louis/.arduino15/packages/arduino/tools/avr-gcc/7.3.0-atmel3.6.1-arduino7/bin/../lib/gcc/avr/7.3.0/../../../../avr/include
End of search list.
GNU C++11 (GCC) version 7.3.0 (avr)
	compiled by GNU C version 4.7.2, GMP version 5.0.2, MPFR version 3.1.0, MPC version 0.9, isl version none
GGC heuristics: --param ggc-min-expand=100 --param ggc-min-heapsize=131072
Compiler executable checksum: 9c6d235b99e8a30dffa1915004724177
COLLECT_GCC_OPTIONS='-c' '-g' '-Os' '-w' '-std=gnu++11' '-fpermissive' '-fno-exceptions' '-ffunction-sections' '-fdata-sections' '-fno-threadsafe-statics' '-Wno-error=narrowing' '-MMD' '-flto'  '-D' 'F_CPU=16000000L' '-D' 'ARDUINO=108013' '-D' 'ARDUINO_AVR_LEONARDO' '-D' 'ARDUINO_ARCH_AVR' '-D' 'USB_VID=0x2341' '-D' 'USB_PID=0x8036' '-D' 'USB_MANUFACTURER="Unknown"' '-D' 'USB_PRODUCT="Arduino Leonardo"' '-v' '-o' 'CMakeFiles/cmTC_f27ae.dir/CMakeCXXCompilerABI.cpp.o' '-specs=device-specs/specs-atmega32u4' '-mmcu=avr5'
 /home/lor_louis/.arduino15/packages/arduino/tools/avr-gcc/7.3.0-atmel3.6.1-arduino7/bin/../lib/gcc/avr/7.3.0/../../../../avr/bin/as -mmcu=avr5 -mno-skip-bug -o CMakeFiles/cmTC_f27ae.dir/CMakeCXXCompilerABI.cpp.o /tmp/ccUBbJHl.s
COMPILER_PATH=/home/lor_louis/.arduino15/packages/arduino/tools/avr-gcc/7.3.0-atmel3.6.1-arduino7/bin/../libexec/gcc/avr/7.3.0/:/home/lor_louis/.arduino15/packages/arduino/tools/avr-gcc/7.3.0-atmel3.6.1-arduino7/bin/../libexec/gcc/:/home/lor_louis/.arduino15/packages/arduino/tools/avr-gcc/7.3.0-atmel3.6.1-arduino7/bin/../lib/gcc/avr/7.3.0/../../../../avr/bin/
LIBRARY_PATH=/home/lor_louis/.arduino15/packages/arduino/tools/avr-gcc/7.3.0-atmel3.6.1-arduino7/bin/../lib/gcc/avr/7.3.0/avr5/:/home/lor_louis/.arduino15/packages/arduino/tools/avr-gcc/7.3.0-atmel3.6.1-arduino7/bin/../lib/gcc/avr/7.3.0/../../../../avr/lib/avr5/:/home/lor_louis/.arduino15/packages/arduino/tools/avr-gcc/7.3.0-atmel3.6.1-arduino7/bin/../lib/gcc/avr/7.3.0/:/home/lor_louis/.arduino15/packages/arduino/tools/avr-gcc/7.3.0-atmel3.6.1-arduino7/bin/../lib/gcc/:/home/lor_louis/.arduino15/packages/arduino/tools/avr-gcc/7.3.0-atmel3.6.1-arduino7/bin/../lib/gcc/avr/7.3.0/../../../../avr/lib/
COLLECT_GCC_OPTIONS='-c' '-g' '-Os' '-w' '-std=gnu++11' '-fpermissive' '-fno-exceptions' '-ffunction-sections' '-fdata-sections' '-fno-threadsafe-statics' '-Wno-error=narrowing' '-MMD' '-flto'  '-D' 'F_CPU=16000000L' '-D' 'ARDUINO=108013' '-D' 'ARDUINO_AVR_LEONARDO' '-D' 'ARDUINO_ARCH_AVR' '-D' 'USB_VID=0x2341' '-D' 'USB_PID=0x8036' '-D' 'USB_MANUFACTURER="Unknown"' '-D' 'USB_PRODUCT="Arduino Leonardo"' '-v' '-o' 'CMakeFiles/cmTC_f27ae.dir/CMakeCXXCompilerABI.cpp.o' '-specs=device-specs/specs-atmega32u4' '-mmcu=avr5'
Linking CXX static library libcmTC_f27ae.a
/usr/bin/cmake -P CMakeFiles/cmTC_f27ae.dir/cmake_clean_target.cmake
/usr/bin/cmake -E cmake_link_script CMakeFiles/cmTC_f27ae.dir/link.txt --verbose=1
/home/lor_louis/.arduino15/packages/arduino/tools/avr-gcc/7.3.0-atmel3.6.1-arduino7/bin/avr-gcc-ar  rcs  libcmTC_f27ae.a CMakeFiles/cmTC_f27ae.dir/CMakeCXXCompilerABI.cpp.o
make[1]: Leaving directory '/home/lor_louis/Documents/Projects/C++/toaster/CMakeFiles/CMakeTmp'



Parsed CXX implicit include dir info from above output: rv=done
  found start of include info
  found start of implicit include info
    add: [/home/lor_louis/.arduino15/packages/arduino/tools/avr-gcc/7.3.0-atmel3.6.1-arduino7/bin/../lib/gcc/avr/7.3.0/include]
    add: [/home/lor_louis/.arduino15/packages/arduino/tools/avr-gcc/7.3.0-atmel3.6.1-arduino7/bin/../lib/gcc/avr/7.3.0/include-fixed]
    add: [/home/lor_louis/.arduino15/packages/arduino/tools/avr-gcc/7.3.0-atmel3.6.1-arduino7/bin/../lib/gcc/avr/7.3.0/../../../../avr/include]
  end of search list found
  collapse include dir [/home/lor_louis/.arduino15/packages/arduino/tools/avr-gcc/7.3.0-atmel3.6.1-arduino7/bin/../lib/gcc/avr/7.3.0/include] ==> [/home/lor_louis/.arduino15/packages/arduino/tools/avr-gcc/7.3.0-atmel3.6.1-arduino7/lib/gcc/avr/7.3.0/include]
  collapse include dir [/home/lor_louis/.arduino15/packages/arduino/tools/avr-gcc/7.3.0-atmel3.6.1-arduino7/bin/../lib/gcc/avr/7.3.0/include-fixed] ==> [/home/lor_louis/.arduino15/packages/arduino/tools/avr-gcc/7.3.0-atmel3.6.1-arduino7/lib/gcc/avr/7.3.0/include-fixed]
  collapse include dir [/home/lor_louis/.arduino15/packages/arduino/tools/avr-gcc/7.3.0-atmel3.6.1-arduino7/bin/../lib/gcc/avr/7.3.0/../../../../avr/include] ==> [/home/lor_louis/.arduino15/packages/arduino/tools/avr-gcc/7.3.0-atmel3.6.1-arduino7/avr/include]
  implicit include dirs: [/home/lor_louis/.arduino15/packages/arduino/tools/avr-gcc/7.3.0-atmel3.6.1-arduino7/lib/gcc/avr/7.3.0/include;/home/lor_louis/.arduino15/packages/arduino/tools/avr-gcc/7.3.0-atmel3.6.1-arduino7/lib/gcc/avr/7.3.0/include-fixed;/home/lor_louis/.arduino15/packages/arduino/tools/avr-gcc/7.3.0-atmel3.6.1-arduino7/avr/include]


Parsed CXX implicit link information from above output:
  link line regex: [^( *|.*[/\])(avr-ld|CMAKE_LINK_STARTFILE-NOTFOUND|([^/\]+-)?ld|collect2)[^/\]*( |$)]
  ignore line: [Change Dir: /home/lor_louis/Documents/Projects/C++/toaster/CMakeFiles/CMakeTmp]
  ignore line: []
  ignore line: [Run Build Command(s):/usr/bin/make -f Makefile cmTC_f27ae/fast && /usr/bin/make  -f CMakeFiles/cmTC_f27ae.dir/build.make CMakeFiles/cmTC_f27ae.dir/build]
  ignore line: [make[1]: Entering directory '/home/lor_louis/Documents/Projects/C++/toaster/CMakeFiles/CMakeTmp']
  ignore line: [Building CXX object CMakeFiles/cmTC_f27ae.dir/CMakeCXXCompilerABI.cpp.o]
  ignore line: [/home/lor_louis/.arduino15/packages/arduino/tools/avr-gcc/7.3.0-atmel3.6.1-arduino7/bin/avr-g++  -c -g -Os -w -std=gnu++11 -fpermissive -fno-exceptions -ffunction-sections -fdata-sections -fno-threadsafe-statics -Wno-error=narrowing -MMD -flto -mmcu=atmega32u4 -DF_CPU=16000000L -DARDUINO=108013 -DARDUINO_AVR_LEONARDO -DARDUINO_ARCH_AVR  -DUSB_VID=0x2341 -DUSB_PID=0x8036 "-DUSB_MANUFACTURER=\"Unknown\"" "-DUSB_PRODUCT=\"Arduino Leonardo\""   -v /usr/share/cmake-3.21/Modules/CMakeCXXCompilerABI.cpp -o CMakeFiles/cmTC_f27ae.dir/CMakeCXXCompilerABI.cpp.o]
  ignore line: [Using built-in specs.]
  ignore line: [Reading specs from /home/lor_louis/.arduino15/packages/arduino/tools/avr-gcc/7.3.0-atmel3.6.1-arduino7/bin/../lib/gcc/avr/7.3.0/device-specs/specs-atmega32u4]
  ignore line: [COLLECT_GCC=/home/lor_louis/.arduino15/packages/arduino/tools/avr-gcc/7.3.0-atmel3.6.1-arduino7/bin/avr-g++]
  ignore line: [Target: avr]
  ignore line: [Configured with: ../gcc/configure --enable-fixed-point --enable-languages=c c++ --prefix=/home/jenkins/workspace/avr-gcc-staging/label/debian7-x86_64/objdir --disable-nls --disable-libssp --disable-libada --disable-shared --with-avrlibc=yes --with-dwarf2 --disable-doc --target=avr]
  ignore line: [Thread model: single]
  ignore line: [gcc version 7.3.0 (GCC) ]
  ignore line: [COLLECT_GCC_OPTIONS='-c' '-g' '-Os' '-w' '-std=gnu++11' '-fpermissive' '-fno-exceptions' '-ffunction-sections' '-fdata-sections' '-fno-threadsafe-statics' '-Wno-error=narrowing' '-MMD' '-flto'  '-D' 'F_CPU=16000000L' '-D' 'ARDUINO=108013' '-D' 'ARDUINO_AVR_LEONARDO' '-D' 'ARDUINO_ARCH_AVR' '-D' 'USB_VID=0x2341' '-D' 'USB_PID=0x8036' '-D' 'USB_MANUFACTURER="Unknown"' '-D' 'USB_PRODUCT="Arduino Leonardo"' '-v' '-o' 'CMakeFiles/cmTC_f27ae.dir/CMakeCXXCompilerABI.cpp.o' '-specs=device-specs/specs-atmega32u4' '-mmcu=avr5']
  ignore line: [ /home/lor_louis/.arduino15/packages/arduino/tools/avr-gcc/7.3.0-atmel3.6.1-arduino7/bin/../libexec/gcc/avr/7.3.0/cc1plus -quiet -v -imultilib avr5 -iprefix /home/lor_louis/.arduino15/packages/arduino/tools/avr-gcc/7.3.0-atmel3.6.1-arduino7/bin/../lib/gcc/avr/7.3.0/ -MMD CMakeFiles/cmTC_f27ae.dir/CMakeCXXCompilerABI.cpp.d -MQ CMakeFiles/cmTC_f27ae.dir/CMakeCXXCompilerABI.cpp.o -D__AVR_ATmega32U4__ -D__AVR_DEVICE_NAME__=atmega32u4 -D F_CPU=16000000L -D ARDUINO=108013 -D ARDUINO_AVR_LEONARDO -D ARDUINO_ARCH_AVR -D USB_VID=0x2341 -D USB_PID=0x8036 -D USB_MANUFACTURER="Unknown" -D USB_PRODUCT="Arduino Leonardo" /usr/share/cmake-3.21/Modules/CMakeCXXCompilerABI.cpp -mn-flash=1 -mno-skip-bug -quiet -dumpbase CMakeCXXCompilerABI.cpp -mmcu=avr5 -auxbase-strip CMakeFiles/cmTC_f27ae.dir/CMakeCXXCompilerABI.cpp.o -g -Os -Wno-error=narrowing -w -std=gnu++11 -version -fpermissive -fno-exceptions -ffunction-sections -fdata-sections -fno-threadsafe-statics -flto -mn-flash=1 -mno-skip-bug -fno-rtti -fno-enforce-eh-specs -fno-exceptions -o /tmp/ccUBbJHl.s]
  ignore line: [GNU C++11 (GCC) version 7.3.0 (avr)]
  ignore line: [	compiled by GNU C version 4.7.2  GMP version 5.0.2  MPFR version 3.1.0  MPC version 0.9  isl version none]
  ignore line: [GGC heuristics: --param ggc-min-expand=100 --param ggc-min-heapsize=131072]
  ignore line: [ignoring nonexistent directory "/home/lor_louis/.arduino15/packages/arduino/tools/avr-gcc/7.3.0-atmel3.6.1-arduino7/bin/../lib/gcc/avr/7.3.0/../../../../avr/include/c++/7.3.0"]
  ignore line: [ignoring nonexistent directory "/home/lor_louis/.arduino15/packages/arduino/tools/avr-gcc/7.3.0-atmel3.6.1-arduino7/bin/../lib/gcc/avr/7.3.0/../../../../avr/include/c++/7.3.0/avr/avr5"]
  ignore line: [ignoring nonexistent directory "/home/lor_louis/.arduino15/packages/arduino/tools/avr-gcc/7.3.0-atmel3.6.1-arduino7/bin/../lib/gcc/avr/7.3.0/../../../../avr/include/c++/7.3.0/backward"]
  ignore line: [ignoring nonexistent directory "/home/lor_louis/.arduino15/packages/arduino/tools/avr-gcc/7.3.0-atmel3.6.1-arduino7/bin/../lib/gcc/avr/7.3.0/../../../../avr/sys-include"]
  ignore line: [ignoring nonexistent directory "/home/lor_louis/.arduino15/packages/arduino/tools/avr-gcc/7.3.0-atmel3.6.1-arduino7/bin/../lib/gcc/../../lib/gcc/avr/7.3.0/../../../../avr/include/c++/7.3.0"]
  ignore line: [ignoring nonexistent directory "/home/lor_louis/.arduino15/packages/arduino/tools/avr-gcc/7.3.0-atmel3.6.1-arduino7/bin/../lib/gcc/../../lib/gcc/avr/7.3.0/../../../../avr/include/c++/7.3.0/avr/avr5"]
  ignore line: [ignoring nonexistent directory "/home/lor_louis/.arduino15/packages/arduino/tools/avr-gcc/7.3.0-atmel3.6.1-arduino7/bin/../lib/gcc/../../lib/gcc/avr/7.3.0/../../../../avr/include/c++/7.3.0/backward"]
  ignore line: [ignoring duplicate directory "/home/lor_louis/.arduino15/packages/arduino/tools/avr-gcc/7.3.0-atmel3.6.1-arduino7/bin/../lib/gcc/../../lib/gcc/avr/7.3.0/include"]
  ignore line: [ignoring duplicate directory "/home/lor_louis/.arduino15/packages/arduino/tools/avr-gcc/7.3.0-atmel3.6.1-arduino7/bin/../lib/gcc/../../lib/gcc/avr/7.3.0/include-fixed"]
  ignore line: [ignoring nonexistent directory "/home/lor_louis/.arduino15/packages/arduino/tools/avr-gcc/7.3.0-atmel3.6.1-arduino7/bin/../lib/gcc/../../lib/gcc/avr/7.3.0/../../../../avr/sys-include"]
  ignore line: [ignoring duplicate directory "/home/lor_louis/.arduino15/packages/arduino/tools/avr-gcc/7.3.0-atmel3.6.1-arduino7/bin/../lib/gcc/../../lib/gcc/avr/7.3.0/../../../../avr/include"]
  ignore line: [#include "..." search starts here:]
  ignore line: [#include <...> search starts here:]
  ignore line: [ /home/lor_louis/.arduino15/packages/arduino/tools/avr-gcc/7.3.0-atmel3.6.1-arduino7/bin/../lib/gcc/avr/7.3.0/include]
  ignore line: [ /home/lor_louis/.arduino15/packages/arduino/tools/avr-gcc/7.3.0-atmel3.6.1-arduino7/bin/../lib/gcc/avr/7.3.0/include-fixed]
  ignore line: [ /home/lor_louis/.arduino15/packages/arduino/tools/avr-gcc/7.3.0-atmel3.6.1-arduino7/bin/../lib/gcc/avr/7.3.0/../../../../avr/include]
  ignore line: [End of search list.]
  ignore line: [GNU C++11 (GCC) version 7.3.0 (avr)]
  ignore line: [	compiled by GNU C version 4.7.2  GMP version 5.0.2  MPFR version 3.1.0  MPC version 0.9  isl version none]
  ignore line: [GGC heuristics: --param ggc-min-expand=100 --param ggc-min-heapsize=131072]
  ignore line: [Compiler executable checksum: 9c6d235b99e8a30dffa1915004724177]
  ignore line: [COLLECT_GCC_OPTIONS='-c' '-g' '-Os' '-w' '-std=gnu++11' '-fpermissive' '-fno-exceptions' '-ffunction-sections' '-fdata-sections' '-fno-threadsafe-statics' '-Wno-error=narrowing' '-MMD' '-flto'  '-D' 'F_CPU=16000000L' '-D' 'ARDUINO=108013' '-D' 'ARDUINO_AVR_LEONARDO' '-D' 'ARDUINO_ARCH_AVR' '-D' 'USB_VID=0x2341' '-D' 'USB_PID=0x8036' '-D' 'USB_MANUFACTURER="Unknown"' '-D' 'USB_PRODUCT="Arduino Leonardo"' '-v' '-o' 'CMakeFiles/cmTC_f27ae.dir/CMakeCXXCompilerABI.cpp.o' '-specs=device-specs/specs-atmega32u4' '-mmcu=avr5']
  ignore line: [ /home/lor_louis/.arduino15/packages/arduino/tools/avr-gcc/7.3.0-atmel3.6.1-arduino7/bin/../lib/gcc/avr/7.3.0/../../../../avr/bin/as -mmcu=avr5 -mno-skip-bug -o CMakeFiles/cmTC_f27ae.dir/CMakeCXXCompilerABI.cpp.o /tmp/ccUBbJHl.s]
  ignore line: [COMPILER_PATH=/home/lor_louis/.arduino15/packages/arduino/tools/avr-gcc/7.3.0-atmel3.6.1-arduino7/bin/../libexec/gcc/avr/7.3.0/:/home/lor_louis/.arduino15/packages/arduino/tools/avr-gcc/7.3.0-atmel3.6.1-arduino7/bin/../libexec/gcc/:/home/lor_louis/.arduino15/packages/arduino/tools/avr-gcc/7.3.0-atmel3.6.1-arduino7/bin/../lib/gcc/avr/7.3.0/../../../../avr/bin/]
  ignore line: [LIBRARY_PATH=/home/lor_louis/.arduino15/packages/arduino/tools/avr-gcc/7.3.0-atmel3.6.1-arduino7/bin/../lib/gcc/avr/7.3.0/avr5/:/home/lor_louis/.arduino15/packages/arduino/tools/avr-gcc/7.3.0-atmel3.6.1-arduino7/bin/../lib/gcc/avr/7.3.0/../../../../avr/lib/avr5/:/home/lor_louis/.arduino15/packages/arduino/tools/avr-gcc/7.3.0-atmel3.6.1-arduino7/bin/../lib/gcc/avr/7.3.0/:/home/lor_louis/.arduino15/packages/arduino/tools/avr-gcc/7.3.0-atmel3.6.1-arduino7/bin/../lib/gcc/:/home/lor_louis/.arduino15/packages/arduino/tools/avr-gcc/7.3.0-atmel3.6.1-arduino7/bin/../lib/gcc/avr/7.3.0/../../../../avr/lib/]
  ignore line: [COLLECT_GCC_OPTIONS='-c' '-g' '-Os' '-w' '-std=gnu++11' '-fpermissive' '-fno-exceptions' '-ffunction-sections' '-fdata-sections' '-fno-threadsafe-statics' '-Wno-error=narrowing' '-MMD' '-flto'  '-D' 'F_CPU=16000000L' '-D' 'ARDUINO=108013' '-D' 'ARDUINO_AVR_LEONARDO' '-D' 'ARDUINO_ARCH_AVR' '-D' 'USB_VID=0x2341' '-D' 'USB_PID=0x8036' '-D' 'USB_MANUFACTURER="Unknown"' '-D' 'USB_PRODUCT="Arduino Leonardo"' '-v' '-o' 'CMakeFiles/cmTC_f27ae.dir/CMakeCXXCompilerABI.cpp.o' '-specs=device-specs/specs-atmega32u4' '-mmcu=avr5']
  ignore line: [Linking CXX static library libcmTC_f27ae.a]
  ignore line: [/usr/bin/cmake -P CMakeFiles/cmTC_f27ae.dir/cmake_clean_target.cmake]
  ignore line: [/usr/bin/cmake -E cmake_link_script CMakeFiles/cmTC_f27ae.dir/link.txt --verbose=1]
  ignore line: [/home/lor_louis/.arduino15/packages/arduino/tools/avr-gcc/7.3.0-atmel3.6.1-arduino7/bin/avr-gcc-ar  rcs  libcmTC_f27ae.a CMakeFiles/cmTC_f27ae.dir/CMakeCXXCompilerABI.cpp.o]
  ignore line: [make[1]: Leaving directory '/home/lor_louis/Documents/Projects/C++/toaster/CMakeFiles/CMakeTmp']
  ignore line: []
  ignore line: []
  implicit libs: []
  implicit objs: []
  implicit dirs: []
  implicit fwks: []


Compiling the C compiler identification source file "CMakeCCompilerId.c" succeeded.
Compiler: /home/lor_louis/.arduino15/packages/arduino/tools/avr-gcc/7.3.0-atmel3.6.1-arduino7/bin/avr-gcc 
Build flags: 
Id flags:  

The output was:
0


Compilation of the C compiler identification source "CMakeCCompilerId.c" produced "a.out"

The C compiler identification is GNU, found in "/home/lor_louis/Documents/Projects/C++/toaster/CMakeFiles/3.21.3/CompilerIdC/a.out"

Detecting C compiler ABI info compiled with the following output:
Change Dir: /home/lor_louis/Documents/Projects/C++/toaster/CMakeFiles/CMakeTmp

Run Build Command(s):/usr/bin/make -f Makefile cmTC_7f728/fast && /usr/bin/make  -f CMakeFiles/cmTC_7f728.dir/build.make CMakeFiles/cmTC_7f728.dir/build
make[1]: Entering directory '/home/lor_louis/Documents/Projects/C++/toaster/CMakeFiles/CMakeTmp'
Building C object CMakeFiles/cmTC_7f728.dir/CMakeCCompilerABI.c.o
/home/lor_louis/.arduino15/packages/arduino/tools/avr-gcc/7.3.0-atmel3.6.1-arduino7/bin/avr-gcc  -c -g -Os -w -std=gnu11 -ffunction-sections -fdata-sections -MMD -flto -fno-fat-lto-objects -mmcu=atmega32u4 -DF_CPU=16000000L -DARDUINO=108013 -DARDUINO_AVR_LEONARDO -DARDUINO_ARCH_AVR  -DUSB_VID=0x2341 -DUSB_PID=0x8036 "-DUSB_MANUFACTURER=\"Unknown\"" "-DUSB_PRODUCT=\"Arduino Leonardo\""   -v /usr/share/cmake-3.21/Modules/CMakeCCompilerABI.c -o CMakeFiles/cmTC_7f728.dir/CMakeCCompilerABI.c.o
Using built-in specs.
Reading specs from /home/lor_louis/.arduino15/packages/arduino/tools/avr-gcc/7.3.0-atmel3.6.1-arduino7/bin/../lib/gcc/avr/7.3.0/device-specs/specs-atmega32u4
COLLECT_GCC=/home/lor_louis/.arduino15/packages/arduino/tools/avr-gcc/7.3.0-atmel3.6.1-arduino7/bin/avr-gcc
Target: avr
Configured with: ../gcc/configure --enable-fixed-point --enable-languages=c,c++ --prefix=/home/jenkins/workspace/avr-gcc-staging/label/debian7-x86_64/objdir --disable-nls --disable-libssp --disable-libada --disable-shared --with-avrlibc=yes --with-dwarf2 --disable-doc --target=avr
Thread model: single
gcc version 7.3.0 (GCC) 
COLLECT_GCC_OPTIONS='-c' '-g' '-Os' '-w' '-std=gnu11' '-ffunction-sections' '-fdata-sections' '-MMD' '-flto' '-fno-fat-lto-objects'  '-D' 'F_CPU=16000000L' '-D' 'ARDUINO=108013' '-D' 'ARDUINO_AVR_LEONARDO' '-D' 'ARDUINO_ARCH_AVR' '-D' 'USB_VID=0x2341' '-D' 'USB_PID=0x8036' '-D' 'USB_MANUFACTURER="Unknown"' '-D' 'USB_PRODUCT="Arduino Leonardo"' '-v' '-o' 'CMakeFiles/cmTC_7f728.dir/CMakeCCompilerABI.c.o' '-specs=device-specs/specs-atmega32u4' '-mmcu=avr5'
 /home/lor_louis/.arduino15/packages/arduino/tools/avr-gcc/7.3.0-atmel3.6.1-arduino7/bin/../libexec/gcc/avr/7.3.0/cc1 -quiet -v -imultilib avr5 -iprefix /home/lor_louis/.arduino15/packages/arduino/tools/avr-gcc/7.3.0-atmel3.6.1-arduino7/bin/../lib/gcc/avr/7.3.0/ -MMD CMakeFiles/cmTC_7f728.dir/CMakeCCompilerABI.c.d -MQ CMakeFiles/cmTC_7f728.dir/CMakeCCompilerABI.c.o -D__AVR_ATmega32U4__ -D__AVR_DEVICE_NAME__=atmega32u4 -D F_CPU=16000000L -D ARDUINO=108013 -D ARDUINO_AVR_LEONARDO -D ARDUINO_ARCH_AVR -D USB_VID=0x2341 -D USB_PID=0x8036 -D USB_MANUFACTURER="Unknown" -D USB_PRODUCT="Arduino Leonardo" /usr/share/cmake-3.21/Modules/CMakeCCompilerABI.c -mn-flash=1 -mno-skip-bug -quiet -dumpbase CMakeCCompilerABI.c -mmcu=avr5 -auxbase-strip CMakeFiles/cmTC_7f728.dir/CMakeCCompilerABI.c.o -g -Os -w -std=gnu11 -version -ffunction-sections -fdata-sections -flto -fno-fat-lto-objects -o /tmp/ccELDuJl.s
GNU C11 (GCC) version 7.3.0 (avr)
	compiled by GNU C version 4.7.2, GMP version 5.0.2, MPFR version 3.1.0, MPC version 0.9, isl version none
GGC heuristics: --param ggc-min-expand=100 --param ggc-min-heapsize=131072
ignoring nonexistent directory "/home/lor_louis/.arduino15/packages/arduino/tools/avr-gcc/7.3.0-atmel3.6.1-arduino7/bin/../lib/gcc/avr/7.3.0/../../../../avr/sys-include"
ignoring duplicate directory "/home/lor_louis/.arduino15/packages/arduino/tools/avr-gcc/7.3.0-atmel3.6.1-arduino7/bin/../lib/gcc/../../lib/gcc/avr/7.3.0/include"
ignoring duplicate directory "/home/lor_louis/.arduino15/packages/arduino/tools/avr-gcc/7.3.0-atmel3.6.1-arduino7/bin/../lib/gcc/../../lib/gcc/avr/7.3.0/include-fixed"
ignoring nonexistent directory "/home/lor_louis/.arduino15/packages/arduino/tools/avr-gcc/7.3.0-atmel3.6.1-arduino7/bin/../lib/gcc/../../lib/gcc/avr/7.3.0/../../../../avr/sys-include"
ignoring duplicate directory "/home/lor_louis/.arduino15/packages/arduino/tools/avr-gcc/7.3.0-atmel3.6.1-arduino7/bin/../lib/gcc/../../lib/gcc/avr/7.3.0/../../../../avr/include"
#include "..." search starts here:
#include <...> search starts here:
 /home/lor_louis/.arduino15/packages/arduino/tools/avr-gcc/7.3.0-atmel3.6.1-arduino7/bin/../lib/gcc/avr/7.3.0/include
 /home/lor_louis/.arduino15/packages/arduino/tools/avr-gcc/7.3.0-atmel3.6.1-arduino7/bin/../lib/gcc/avr/7.3.0/include-fixed
 /home/lor_louis/.arduino15/packages/arduino/tools/avr-gcc/7.3.0-atmel3.6.1-arduino7/bin/../lib/gcc/avr/7.3.0/../../../../avr/include
End of search list.
GNU C11 (GCC) version 7.3.0 (avr)
	compiled by GNU C version 4.7.2, GMP version 5.0.2, MPFR version 3.1.0, MPC version 0.9, isl version none
GGC heuristics: --param ggc-min-expand=100 --param ggc-min-heapsize=131072
Compiler executable checksum: f1a5be5edc2698bbea3030b94defb7b4
COLLECT_GCC_OPTIONS='-c' '-g' '-Os' '-w' '-std=gnu11' '-ffunction-sections' '-fdata-sections' '-MMD' '-flto' '-fno-fat-lto-objects'  '-D' 'F_CPU=16000000L' '-D' 'ARDUINO=108013' '-D' 'ARDUINO_AVR_LEONARDO' '-D' 'ARDUINO_ARCH_AVR' '-D' 'USB_VID=0x2341' '-D' 'USB_PID=0x8036' '-D' 'USB_MANUFACTURER="Unknown"' '-D' 'USB_PRODUCT="Arduino Leonardo"' '-v' '-o' 'CMakeFiles/cmTC_7f728.dir/CMakeCCompilerABI.c.o' '-specs=device-specs/specs-atmega32u4' '-mmcu=avr5'
 /home/lor_louis/.arduino15/packages/arduino/tools/avr-gcc/7.3.0-atmel3.6.1-arduino7/bin/../lib/gcc/avr/7.3.0/../../../../avr/bin/as -mmcu=avr5 -mno-skip-bug -o CMakeFiles/cmTC_7f728.dir/CMakeCCompilerABI.c.o /tmp/ccELDuJl.s
COMPILER_PATH=/home/lor_louis/.arduino15/packages/arduino/tools/avr-gcc/7.3.0-atmel3.6.1-arduino7/bin/../libexec/gcc/avr/7.3.0/:/home/lor_louis/.arduino15/packages/arduino/tools/avr-gcc/7.3.0-atmel3.6.1-arduino7/bin/../libexec/gcc/:/home/lor_louis/.arduino15/packages/arduino/tools/avr-gcc/7.3.0-atmel3.6.1-arduino7/bin/../lib/gcc/avr/7.3.0/../../../../avr/bin/
LIBRARY_PATH=/home/lor_louis/.arduino15/packages/arduino/tools/avr-gcc/7.3.0-atmel3.6.1-arduino7/bin/../lib/gcc/avr/7.3.0/avr5/:/home/lor_louis/.arduino15/packages/arduino/tools/avr-gcc/7.3.0-atmel3.6.1-arduino7/bin/../lib/gcc/avr/7.3.0/../../../../avr/lib/avr5/:/home/lor_louis/.arduino15/packages/arduino/tools/avr-gcc/7.3.0-atmel3.6.1-arduino7/bin/../lib/gcc/avr/7.3.0/:/home/lor_louis/.arduino15/packages/arduino/tools/avr-gcc/7.3.0-atmel3.6.1-arduino7/bin/../lib/gcc/:/home/lor_louis/.arduino15/packages/arduino/tools/avr-gcc/7.3.0-atmel3.6.1-arduino7/bin/../lib/gcc/avr/7.3.0/../../../../avr/lib/
COLLECT_GCC_OPTIONS='-c' '-g' '-Os' '-w' '-std=gnu11' '-ffunction-sections' '-fdata-sections' '-MMD' '-flto' '-fno-fat-lto-objects'  '-D' 'F_CPU=16000000L' '-D' 'ARDUINO=108013' '-D' 'ARDUINO_AVR_LEONARDO' '-D' 'ARDUINO_ARCH_AVR' '-D' 'USB_VID=0x2341' '-D' 'USB_PID=0x8036' '-D' 'USB_MANUFACTURER="Unknown"' '-D' 'USB_PRODUCT="Arduino Leonardo"' '-v' '-o' 'CMakeFiles/cmTC_7f728.dir/CMakeCCompilerABI.c.o' '-specs=device-specs/specs-atmega32u4' '-mmcu=avr5'
Linking C static library libcmTC_7f728.a
/usr/bin/cmake -P CMakeFiles/cmTC_7f728.dir/cmake_clean_target.cmake
/usr/bin/cmake -E cmake_link_script CMakeFiles/cmTC_7f728.dir/link.txt --verbose=1
/home/lor_louis/.arduino15/packages/arduino/tools/avr-gcc/7.3.0-atmel3.6.1-arduino7/bin/avr-gcc-ar  rcs  libcmTC_7f728.a CMakeFiles/cmTC_7f728.dir/CMakeCCompilerABI.c.o
make[1]: Leaving directory '/home/lor_louis/Documents/Projects/C++/toaster/CMakeFiles/CMakeTmp'



Parsed C implicit include dir info from above output: rv=done
  found start of include info
  found start of implicit include info
    add: [/home/lor_louis/.arduino15/packages/arduino/tools/avr-gcc/7.3.0-atmel3.6.1-arduino7/bin/../lib/gcc/avr/7.3.0/include]
    add: [/home/lor_louis/.arduino15/packages/arduino/tools/avr-gcc/7.3.0-atmel3.6.1-arduino7/bin/../lib/gcc/avr/7.3.0/include-fixed]
    add: [/home/lor_louis/.arduino15/packages/arduino/tools/avr-gcc/7.3.0-atmel3.6.1-arduino7/bin/../lib/gcc/avr/7.3.0/../../../../avr/include]
  end of search list found
  collapse include dir [/home/lor_louis/.arduino15/packages/arduino/tools/avr-gcc/7.3.0-atmel3.6.1-arduino7/bin/../lib/gcc/avr/7.3.0/include] ==> [/home/lor_louis/.arduino15/packages/arduino/tools/avr-gcc/7.3.0-atmel3.6.1-arduino7/lib/gcc/avr/7.3.0/include]
  collapse include dir [/home/lor_louis/.arduino15/packages/arduino/tools/avr-gcc/7.3.0-atmel3.6.1-arduino7/bin/../lib/gcc/avr/7.3.0/include-fixed] ==> [/home/lor_louis/.arduino15/packages/arduino/tools/avr-gcc/7.3.0-atmel3.6.1-arduino7/lib/gcc/avr/7.3.0/include-fixed]
  collapse include dir [/home/lor_louis/.arduino15/packages/arduino/tools/avr-gcc/7.3.0-atmel3.6.1-arduino7/bin/../lib/gcc/avr/7.3.0/../../../../avr/include] ==> [/home/lor_louis/.arduino15/packages/arduino/tools/avr-gcc/7.3.0-atmel3.6.1-arduino7/avr/include]
  implicit include dirs: [/home/lor_louis/.arduino15/packages/arduino/tools/avr-gcc/7.3.0-atmel3.6.1-arduino7/lib/gcc/avr/7.3.0/include;/home/lor_louis/.arduino15/packages/arduino/tools/avr-gcc/7.3.0-atmel3.6.1-arduino7/lib/gcc/avr/7.3.0/include-fixed;/home/lor_louis/.arduino15/packages/arduino/tools/avr-gcc/7.3.0-atmel3.6.1-arduino7/avr/include]


Parsed C implicit link information from above output:
  link line regex: [^( *|.*[/\])(avr-ld|CMAKE_LINK_STARTFILE-NOTFOUND|([^/\]+-)?ld|collect2)[^/\]*( |$)]
  ignore line: [Change Dir: /home/lor_louis/Documents/Projects/C++/toaster/CMakeFiles/CMakeTmp]
  ignore line: []
  ignore line: [Run Build Command(s):/usr/bin/make -f Makefile cmTC_7f728/fast && /usr/bin/make  -f CMakeFiles/cmTC_7f728.dir/build.make CMakeFiles/cmTC_7f728.dir/build]
  ignore line: [make[1]: Entering directory '/home/lor_louis/Documents/Projects/C++/toaster/CMakeFiles/CMakeTmp']
  ignore line: [Building C object CMakeFiles/cmTC_7f728.dir/CMakeCCompilerABI.c.o]
  ignore line: [/home/lor_louis/.arduino15/packages/arduino/tools/avr-gcc/7.3.0-atmel3.6.1-arduino7/bin/avr-gcc  -c -g -Os -w -std=gnu11 -ffunction-sections -fdata-sections -MMD -flto -fno-fat-lto-objects -mmcu=atmega32u4 -DF_CPU=16000000L -DARDUINO=108013 -DARDUINO_AVR_LEONARDO -DARDUINO_ARCH_AVR  -DUSB_VID=0x2341 -DUSB_PID=0x8036 "-DUSB_MANUFACTURER=\"Unknown\"" "-DUSB_PRODUCT=\"Arduino Leonardo\""   -v /usr/share/cmake-3.21/Modules/CMakeCCompilerABI.c -o CMakeFiles/cmTC_7f728.dir/CMakeCCompilerABI.c.o]
  ignore line: [Using built-in specs.]
  ignore line: [Reading specs from /home/lor_louis/.arduino15/packages/arduino/tools/avr-gcc/7.3.0-atmel3.6.1-arduino7/bin/../lib/gcc/avr/7.3.0/device-specs/specs-atmega32u4]
  ignore line: [COLLECT_GCC=/home/lor_louis/.arduino15/packages/arduino/tools/avr-gcc/7.3.0-atmel3.6.1-arduino7/bin/avr-gcc]
  ignore line: [Target: avr]
  ignore line: [Configured with: ../gcc/configure --enable-fixed-point --enable-languages=c c++ --prefix=/home/jenkins/workspace/avr-gcc-staging/label/debian7-x86_64/objdir --disable-nls --disable-libssp --disable-libada --disable-shared --with-avrlibc=yes --with-dwarf2 --disable-doc --target=avr]
  ignore line: [Thread model: single]
  ignore line: [gcc version 7.3.0 (GCC) ]
  ignore line: [COLLECT_GCC_OPTIONS='-c' '-g' '-Os' '-w' '-std=gnu11' '-ffunction-sections' '-fdata-sections' '-MMD' '-flto' '-fno-fat-lto-objects'  '-D' 'F_CPU=16000000L' '-D' 'ARDUINO=108013' '-D' 'ARDUINO_AVR_LEONARDO' '-D' 'ARDUINO_ARCH_AVR' '-D' 'USB_VID=0x2341' '-D' 'USB_PID=0x8036' '-D' 'USB_MANUFACTURER="Unknown"' '-D' 'USB_PRODUCT="Arduino Leonardo"' '-v' '-o' 'CMakeFiles/cmTC_7f728.dir/CMakeCCompilerABI.c.o' '-specs=device-specs/specs-atmega32u4' '-mmcu=avr5']
  ignore line: [ /home/lor_louis/.arduino15/packages/arduino/tools/avr-gcc/7.3.0-atmel3.6.1-arduino7/bin/../libexec/gcc/avr/7.3.0/cc1 -quiet -v -imultilib avr5 -iprefix /home/lor_louis/.arduino15/packages/arduino/tools/avr-gcc/7.3.0-atmel3.6.1-arduino7/bin/../lib/gcc/avr/7.3.0/ -MMD CMakeFiles/cmTC_7f728.dir/CMakeCCompilerABI.c.d -MQ CMakeFiles/cmTC_7f728.dir/CMakeCCompilerABI.c.o -D__AVR_ATmega32U4__ -D__AVR_DEVICE_NAME__=atmega32u4 -D F_CPU=16000000L -D ARDUINO=108013 -D ARDUINO_AVR_LEONARDO -D ARDUINO_ARCH_AVR -D USB_VID=0x2341 -D USB_PID=0x8036 -D USB_MANUFACTURER="Unknown" -D USB_PRODUCT="Arduino Leonardo" /usr/share/cmake-3.21/Modules/CMakeCCompilerABI.c -mn-flash=1 -mno-skip-bug -quiet -dumpbase CMakeCCompilerABI.c -mmcu=avr5 -auxbase-strip CMakeFiles/cmTC_7f728.dir/CMakeCCompilerABI.c.o -g -Os -w -std=gnu11 -version -ffunction-sections -fdata-sections -flto -fno-fat-lto-objects -o /tmp/ccELDuJl.s]
  ignore line: [GNU C11 (GCC) version 7.3.0 (avr)]
  ignore line: [	compiled by GNU C version 4.7.2  GMP version 5.0.2  MPFR version 3.1.0  MPC version 0.9  isl version none]
  ignore line: [GGC heuristics: --param ggc-min-expand=100 --param ggc-min-heapsize=131072]
  ignore line: [ignoring nonexistent directory "/home/lor_louis/.arduino15/packages/arduino/tools/avr-gcc/7.3.0-atmel3.6.1-arduino7/bin/../lib/gcc/avr/7.3.0/../../../../avr/sys-include"]
  ignore line: [ignoring duplicate directory "/home/lor_louis/.arduino15/packages/arduino/tools/avr-gcc/7.3.0-atmel3.6.1-arduino7/bin/../lib/gcc/../../lib/gcc/avr/7.3.0/include"]
  ignore line: [ignoring duplicate directory "/home/lor_louis/.arduino15/packages/arduino/tools/avr-gcc/7.3.0-atmel3.6.1-arduino7/bin/../lib/gcc/../../lib/gcc/avr/7.3.0/include-fixed"]
  ignore line: [ignoring nonexistent directory "/home/lor_louis/.arduino15/packages/arduino/tools/avr-gcc/7.3.0-atmel3.6.1-arduino7/bin/../lib/gcc/../../lib/gcc/avr/7.3.0/../../../../avr/sys-include"]
  ignore line: [ignoring duplicate directory "/home/lor_louis/.arduino15/packages/arduino/tools/avr-gcc/7.3.0-atmel3.6.1-arduino7/bin/../lib/gcc/../../lib/gcc/avr/7.3.0/../../../../avr/include"]
  ignore line: [#include "..." search starts here:]
  ignore line: [#include <...> search starts here:]
  ignore line: [ /home/lor_louis/.arduino15/packages/arduino/tools/avr-gcc/7.3.0-atmel3.6.1-arduino7/bin/../lib/gcc/avr/7.3.0/include]
  ignore line: [ /home/lor_louis/.arduino15/packages/arduino/tools/avr-gcc/7.3.0-atmel3.6.1-arduino7/bin/../lib/gcc/avr/7.3.0/include-fixed]
  ignore line: [ /home/lor_louis/.arduino15/packages/arduino/tools/avr-gcc/7.3.0-atmel3.6.1-arduino7/bin/../lib/gcc/avr/7.3.0/../../../../avr/include]
  ignore line: [End of search list.]
  ignore line: [GNU C11 (GCC) version 7.3.0 (avr)]
  ignore line: [	compiled by GNU C version 4.7.2  GMP version 5.0.2  MPFR version 3.1.0  MPC version 0.9  isl version none]
  ignore line: [GGC heuristics: --param ggc-min-expand=100 --param ggc-min-heapsize=131072]
  ignore line: [Compiler executable checksum: f1a5be5edc2698bbea3030b94defb7b4]
  ignore line: [COLLECT_GCC_OPTIONS='-c' '-g' '-Os' '-w' '-std=gnu11' '-ffunction-sections' '-fdata-sections' '-MMD' '-flto' '-fno-fat-lto-objects'  '-D' 'F_CPU=16000000L' '-D' 'ARDUINO=108013' '-D' 'ARDUINO_AVR_LEONARDO' '-D' 'ARDUINO_ARCH_AVR' '-D' 'USB_VID=0x2341' '-D' 'USB_PID=0x8036' '-D' 'USB_MANUFACTURER="Unknown"' '-D' 'USB_PRODUCT="Arduino Leonardo"' '-v' '-o' 'CMakeFiles/cmTC_7f728.dir/CMakeCCompilerABI.c.o' '-specs=device-specs/specs-atmega32u4' '-mmcu=avr5']
  ignore line: [ /home/lor_louis/.arduino15/packages/arduino/tools/avr-gcc/7.3.0-atmel3.6.1-arduino7/bin/../lib/gcc/avr/7.3.0/../../../../avr/bin/as -mmcu=avr5 -mno-skip-bug -o CMakeFiles/cmTC_7f728.dir/CMakeCCompilerABI.c.o /tmp/ccELDuJl.s]
  ignore line: [COMPILER_PATH=/home/lor_louis/.arduino15/packages/arduino/tools/avr-gcc/7.3.0-atmel3.6.1-arduino7/bin/../libexec/gcc/avr/7.3.0/:/home/lor_louis/.arduino15/packages/arduino/tools/avr-gcc/7.3.0-atmel3.6.1-arduino7/bin/../libexec/gcc/:/home/lor_louis/.arduino15/packages/arduino/tools/avr-gcc/7.3.0-atmel3.6.1-arduino7/bin/../lib/gcc/avr/7.3.0/../../../../avr/bin/]
  ignore line: [LIBRARY_PATH=/home/lor_louis/.arduino15/packages/arduino/tools/avr-gcc/7.3.0-atmel3.6.1-arduino7/bin/../lib/gcc/avr/7.3.0/avr5/:/home/lor_louis/.arduino15/packages/arduino/tools/avr-gcc/7.3.0-atmel3.6.1-arduino7/bin/../lib/gcc/avr/7.3.0/../../../../avr/lib/avr5/:/home/lor_louis/.arduino15/packages/arduino/tools/avr-gcc/7.3.0-atmel3.6.1-arduino7/bin/../lib/gcc/avr/7.3.0/:/home/lor_louis/.arduino15/packages/arduino/tools/avr-gcc/7.3.0-atmel3.6.1-arduino7/bin/../lib/gcc/:/home/lor_louis/.arduino15/packages/arduino/tools/avr-gcc/7.3.0-atmel3.6.1-arduino7/bin/../lib/gcc/avr/7.3.0/../../../../avr/lib/]
  ignore line: [COLLECT_GCC_OPTIONS='-c' '-g' '-Os' '-w' '-std=gnu11' '-ffunction-sections' '-fdata-sections' '-MMD' '-flto' '-fno-fat-lto-objects'  '-D' 'F_CPU=16000000L' '-D' 'ARDUINO=108013' '-D' 'ARDUINO_AVR_LEONARDO' '-D' 'ARDUINO_ARCH_AVR' '-D' 'USB_VID=0x2341' '-D' 'USB_PID=0x8036' '-D' 'USB_MANUFACTURER="Unknown"' '-D' 'USB_PRODUCT="Arduino Leonardo"' '-v' '-o' 'CMakeFiles/cmTC_7f728.dir/CMakeCCompilerABI.c.o' '-specs=device-specs/specs-atmega32u4' '-mmcu=avr5']
  ignore line: [Linking C static library libcmTC_7f728.a]
  ignore line: [/usr/bin/cmake -P CMakeFiles/cmTC_7f728.dir/cmake_clean_target.cmake]
  ignore line: [/usr/bin/cmake -E cmake_link_script CMakeFiles/cmTC_7f728.dir/link.txt --verbose=1]
  ignore line: [/home/lor_louis/.arduino15/packages/arduino/tools/avr-gcc/7.3.0-atmel3.6.1-arduino7/bin/avr-gcc-ar  rcs  libcmTC_7f728.a CMakeFiles/cmTC_7f728.dir/CMakeCCompilerABI.c.o]
  ignore line: [make[1]: Leaving directory '/home/lor_louis/Documents/Projects/C++/toaster/CMakeFiles/CMakeTmp']
  ignore line: []
  ignore line: []
  implicit libs: []
  implicit objs: []
  implicit dirs: []
  implicit fwks: []


Checking whether the ASM compiler is GNU using "--version" matched "(GNU assembler)|(GCC)|(Free Software Foundation)":
avr-gcc (GCC) 7.3.0
Copyright (C) 2017 Free Software Foundation, Inc.
This is free software; see the source for copying conditions.  There is NO
warranty; not even for MERCHANTABILITY or FITNESS FOR A PARTICULAR PURPOSE.

